<!DOCTYPE html>

<html>
  <head>
  <meta charset='utf-8'>
  <title>TestNG reports</title>

    <link type="text/css" href="testng-reports.css" rel="stylesheet" />
    <script type="text/javascript" src="jquery-1.7.1.min.js"></script>
    <script type="text/javascript" src="testng-reports.js"></script>
    <script type="text/javascript" src="https://www.google.com/jsapi"></script>
    <script type='text/javascript'>
      google.load('visualization', '1', {packages:['table']});
      google.setOnLoadCallback(drawTable);
      var suiteTableInitFunctions = new Array();
      var suiteTableData = new Array();
    </script>
    <!--
      <script type="text/javascript" src="jquery-ui/js/jquery-ui-1.8.16.custom.min.js"></script>
     -->
  </head>

  <body>
    <div class="top-banner-root">
      <span class="top-banner-title-font">Test results</span>
      <br/>
      <span class="top-banner-font-1">1 suite, 2 failed tests</span>
    </div> <!-- top-banner-root -->
    <div class="navigator-root">
      <div class="navigator-suite-header">
        <span>All suites</span>
        <a href="#" class="collapse-all-link" title="Collapse/expand all the suites">
          <img class="collapse-all-icon" src="collapseall.gif">
          </img> <!-- collapse-all-icon -->
        </a> <!-- collapse-all-link -->
      </div> <!-- navigator-suite-header -->
      <div class="suite">
        <div class="rounded-window">
          <div class="suite-header light-rounded-window-top">
            <a href="#" class="navigator-link" panel-name="suite-TestSuite">
              <span class="suite-name border-failed">TestSuite</span>
            </a> <!-- navigator-link -->
          </div> <!-- suite-header light-rounded-window-top -->
          <div class="navigator-suite-content">
            <div class="suite-section-title">
              <span>Info</span>
            </div> <!-- suite-section-title -->
            <div class="suite-section-content">
              <ul>
                <li>
                  <a href="#" class="navigator-link " panel-name="test-xml-TestSuite">
                    <span>C:\Users\rajepath\Desktop\NetAct Docs\SeleniumWorkSpace\selfstudy.com\testng.xml</span>
                  </a> <!-- navigator-link  -->
                </li>
                <li>
                  <a href="#" class="navigator-link " panel-name="testlist-TestSuite">
                    <span class="test-stats">2 tests</span>
                  </a> <!-- navigator-link  -->
                </li>
                <li>
                  <a href="#" class="navigator-link " panel-name="group-TestSuite">
                    <span>0 groups</span>
                  </a> <!-- navigator-link  -->
                </li>
                <li>
                  <a href="#" class="navigator-link " panel-name="times-TestSuite">
                    <span>Times</span>
                  </a> <!-- navigator-link  -->
                </li>
                <li>
                  <a href="#" class="navigator-link " panel-name="reporter-TestSuite">
                    <span>Reporter output</span>
                  </a> <!-- navigator-link  -->
                </li>
                <li>
                  <a href="#" class="navigator-link " panel-name="ignored-methods-TestSuite">
                    <span>Ignored methods</span>
                  </a> <!-- navigator-link  -->
                </li>
                <li>
                  <a href="#" class="navigator-link " panel-name="chronological-TestSuite">
                    <span>Chronological view</span>
                  </a> <!-- navigator-link  -->
                </li>
              </ul>
            </div> <!-- suite-section-content -->
            <div class="result-section">
              <div class="suite-section-title">
                <span>Results</span>
              </div> <!-- suite-section-title -->
              <div class="suite-section-content">
                <ul>
                  <li>
                    <span class="method-stats">2 methods, 2 failed,   </span>
                  </li>
                  <li>
                    <span class="method-list-title failed">Failed methods</span>
                    <span class="show-or-hide-methods failed">
                      <a href="#" panel-name="suite-TestSuite" class="hide-methods failed suite-TestSuite"> (hide)</a> <!-- hide-methods failed suite-TestSuite -->
                      <a href="#" panel-name="suite-TestSuite" class="show-methods failed suite-TestSuite"> (show)</a> <!-- show-methods failed suite-TestSuite -->
                    </span>
                    <div class="method-list-content failed suite-TestSuite">
                      <span>
                        <img width="3%" src="failed.png"/>
                        <a href="#" class="method navigator-link" panel-name="suite-TestSuite" title="selenium.selfstudy.com.MultiBrowserTesting" hash-for-method="runTestInMultipleBrowser(chrome)">runTestInMultipleBrowser(chrome)</a> <!-- method navigator-link -->
                      </span>
                      <br/>
                      <span>
                        <img width="3%" src="failed.png"/>
                        <a href="#" class="method navigator-link" panel-name="suite-TestSuite" title="selenium.selfstudy.com.MultiBrowserTesting" hash-for-method="runTestInMultipleBrowser(firefox)">runTestInMultipleBrowser(firefox)</a> <!-- method navigator-link -->
                      </span>
                      <br/>
                    </div> <!-- method-list-content failed suite-TestSuite -->
                  </li>
                </ul>
              </div> <!-- suite-section-content -->
            </div> <!-- result-section -->
          </div> <!-- navigator-suite-content -->
        </div> <!-- rounded-window -->
      </div> <!-- suite -->
    </div> <!-- navigator-root -->
    <div class="wrapper">
      <div class="main-panel-root">
        <div panel-name="suite-TestSuite" class="panel TestSuite">
          <div class="suite-TestSuite-class-failed">
            <div class="main-panel-header rounded-window-top">
              <img src="failed.png"/>
              <span class="class-name">selenium.selfstudy.com.MultiBrowserTesting</span>
            </div> <!-- main-panel-header rounded-window-top -->
            <div class="main-panel-content rounded-window-bottom">
              <div class="method">
                <div class="method-content">
                  <a name="runTestInMultipleBrowser(chrome)">
                  </a> <!-- runTestInMultipleBrowser(chrome) -->
                  <span class="method-name">runTestInMultipleBrowser</span>
                  <span class="parameters">(chrome)</span>
                  <div class="stack-trace">org.openqa.selenium.NoSuchElementException: no such element: Unable to locate element: {&quot;method&quot;:&quot;xpath&quot;,&quot;selector&quot;:&quot;ggggg&quot;}
  (Session info: chrome=78.0.3904.97)
For documentation on this error, please visit: http://seleniumhq.org/exceptions/no_such_element.html
Build info: version: &apos;3.14.0&apos;, revision: &apos;aacccce0&apos;, time: &apos;2018-08-02T20:19:58.91Z&apos;
System info: host: &apos;N-20L6PF15UWFS&apos;, ip: &apos;192.168.0.101&apos;, os.name: &apos;Windows 10&apos;, os.arch: &apos;amd64&apos;, os.version: &apos;10.0&apos;, java.version: &apos;1.8.0_162&apos;
Driver info: org.openqa.selenium.chrome.ChromeDriver
Capabilities {acceptInsecureCerts: false, browserName: chrome, browserVersion: 78.0.3904.97, chrome: {chromedriverVersion: 78.0.3904.70 (edb9c9f3de024..., userDataDir: C:\Users\rajepath\AppData\L...}, goog:chromeOptions: {debuggerAddress: localhost:52354}, javascriptEnabled: true, networkConnectionEnabled: false, pageLoadStrategy: normal, platform: XP, platformName: XP, proxy: Proxy(), setWindowRect: true, strictFileInteractability: false, timeouts: {implicit: 0, pageLoad: 300000, script: 30000}, unhandledPromptBehavior: dismiss and notify}
Session ID: ab5290d240629ce40c14400faee2c298
*** Element info: {Using=xpath, value=ggggg}
	at org.openqa.selenium.remote.http.W3CHttpResponseCodec.createException(W3CHttpResponseCodec.java:187)
	at org.openqa.selenium.remote.http.W3CHttpResponseCodec.decode(W3CHttpResponseCodec.java:122)
	at org.openqa.selenium.remote.http.W3CHttpResponseCodec.decode(W3CHttpResponseCodec.java:49)
	at org.openqa.selenium.remote.HttpCommandExecutor.execute(HttpCommandExecutor.java:158)
	at org.openqa.selenium.remote.service.DriverCommandExecutor.execute(DriverCommandExecutor.java:83)
	at org.openqa.selenium.remote.RemoteWebDriver.execute(RemoteWebDriver.java:548)
	at org.openqa.selenium.remote.RemoteWebDriver.findElement(RemoteWebDriver.java:322)
	at org.openqa.selenium.remote.RemoteWebDriver.findElementByXPath(RemoteWebDriver.java:424)
	at org.openqa.selenium.By$ByXPath.findElement(By.java:353)
	at org.openqa.selenium.remote.RemoteWebDriver.findElement(RemoteWebDriver.java:314)
	at org.openqa.selenium.support.events.EventFiringWebDriver.lambda$new$1(EventFiringWebDriver.java:105)
	at com.sun.proxy.$Proxy11.findElement(Unknown Source)
	at org.openqa.selenium.support.events.EventFiringWebDriver.findElement(EventFiringWebDriver.java:194)
	at selenium.selfstudy.com.MultiBrowserTesting.runTestInMultipleBrowser(MultiBrowserTesting.java:22)
	at java.util.concurrent.FutureTask.run(FutureTask.java:266)
	at java.util.concurrent.ThreadPoolExecutor.runWorker(ThreadPoolExecutor.java:1149)
	at java.util.concurrent.ThreadPoolExecutor$Worker.run(ThreadPoolExecutor.java:624)
	at java.lang.Thread.run(Thread.java:748)
... Removed 24 stack frames
</div> <!-- stack-trace -->
                </div> <!-- method-content -->
              </div> <!-- method -->
              <div class="method">
                <div class="method-content">
                  <a name="runTestInMultipleBrowser(firefox)">
                  </a> <!-- runTestInMultipleBrowser(firefox) -->
                  <span class="method-name">runTestInMultipleBrowser</span>
                  <span class="parameters">(firefox)</span>
                  <div class="stack-trace">org.openqa.selenium.NoSuchElementException: Unable to locate element: ggggg
For documentation on this error, please visit: http://seleniumhq.org/exceptions/no_such_element.html
Build info: version: &apos;3.14.0&apos;, revision: &apos;aacccce0&apos;, time: &apos;2018-08-02T20:19:58.91Z&apos;
System info: host: &apos;N-20L6PF15UWFS&apos;, ip: &apos;192.168.0.101&apos;, os.name: &apos;Windows 10&apos;, os.arch: &apos;amd64&apos;, os.version: &apos;10.0&apos;, java.version: &apos;1.8.0_162&apos;
Driver info: org.openqa.selenium.firefox.FirefoxDriver
Capabilities {acceptInsecureCerts: true, browserName: firefox, browserVersion: 60.9.0, javascriptEnabled: true, moz:accessibilityChecks: false, moz:headless: false, moz:processID: 30444, moz:profile: C:\Users\rajepath\AppData\L..., moz:useNonSpecCompliantPointerOrigin: false, moz:webdriverClick: true, pageLoadStrategy: normal, platform: XP, platformName: XP, platformVersion: 10.0, rotatable: false, timeouts: {implicit: 0, pageLoad: 300000, script: 30000}}
Session ID: 7074fa28-d529-410e-9ee7-b09f434ffac0
*** Element info: {Using=xpath, value=ggggg}
	at org.openqa.selenium.remote.http.W3CHttpResponseCodec.createException(W3CHttpResponseCodec.java:187)
	at org.openqa.selenium.remote.http.W3CHttpResponseCodec.decode(W3CHttpResponseCodec.java:122)
	at org.openqa.selenium.remote.http.W3CHttpResponseCodec.decode(W3CHttpResponseCodec.java:49)
	at org.openqa.selenium.remote.HttpCommandExecutor.execute(HttpCommandExecutor.java:158)
	at org.openqa.selenium.remote.service.DriverCommandExecutor.execute(DriverCommandExecutor.java:83)
	at org.openqa.selenium.remote.RemoteWebDriver.execute(RemoteWebDriver.java:548)
	at org.openqa.selenium.remote.RemoteWebDriver.findElement(RemoteWebDriver.java:322)
	at org.openqa.selenium.remote.RemoteWebDriver.findElementByXPath(RemoteWebDriver.java:424)
	at org.openqa.selenium.By$ByXPath.findElement(By.java:353)
	at org.openqa.selenium.remote.RemoteWebDriver.findElement(RemoteWebDriver.java:314)
	at org.openqa.selenium.support.events.EventFiringWebDriver.lambda$new$1(EventFiringWebDriver.java:105)
	at com.sun.proxy.$Proxy12.findElement(Unknown Source)
	at org.openqa.selenium.support.events.EventFiringWebDriver.findElement(EventFiringWebDriver.java:194)
	at selenium.selfstudy.com.MultiBrowserTesting.runTestInMultipleBrowser(MultiBrowserTesting.java:22)
	at java.util.concurrent.FutureTask.run(FutureTask.java:266)
	at java.util.concurrent.ThreadPoolExecutor.runWorker(ThreadPoolExecutor.java:1149)
	at java.util.concurrent.ThreadPoolExecutor$Worker.run(ThreadPoolExecutor.java:624)
	at java.lang.Thread.run(Thread.java:748)
... Removed 24 stack frames
</div> <!-- stack-trace -->
                </div> <!-- method-content -->
              </div> <!-- method -->
            </div> <!-- main-panel-content rounded-window-bottom -->
          </div> <!-- suite-TestSuite-class-failed -->
        </div> <!-- panel TestSuite -->
        <div panel-name="test-xml-TestSuite" class="panel">
          <div class="main-panel-header rounded-window-top">
            <span class="header-content">C:\Users\rajepath\Desktop\NetAct Docs\SeleniumWorkSpace\selfstudy.com\testng.xml</span>
          </div> <!-- main-panel-header rounded-window-top -->
          <div class="main-panel-content rounded-window-bottom">
            <pre>
&lt;?xml version=&quot;1.0&quot; encoding=&quot;UTF-8&quot;?&gt;
&lt;!DOCTYPE suite SYSTEM &quot;http://testng.org/testng-1.0.dtd&quot;&gt;
&lt;suite guice-stage=&quot;DEVELOPMENT&quot; name=&quot;TestSuite&quot; parallel=&quot;tests&quot;&gt;
  &lt;listeners&gt;
    &lt;listener class-name=&quot;selenium.ExtentReportListener.ExtentReporterNG&quot;/&gt;
  &lt;/listeners&gt;
  &lt;test name=&quot;DemoTestChrome&quot;&gt;
    &lt;parameter name=&quot;browsers&quot; value=&quot;chrome&quot;/&gt;
    &lt;classes&gt;
      &lt;class name=&quot;selenium.selfstudy.com.MultiBrowserTesting&quot;/&gt;
    &lt;/classes&gt;
  &lt;/test&gt; &lt;!-- DemoTestChrome --&gt;
  &lt;test name=&quot;DemoTestFirefox&quot;&gt;
    &lt;parameter name=&quot;browsers&quot; value=&quot;firefox&quot;/&gt;
    &lt;classes&gt;
      &lt;class name=&quot;selenium.selfstudy.com.MultiBrowserTesting&quot;/&gt;
    &lt;/classes&gt;
  &lt;/test&gt; &lt;!-- DemoTestFirefox --&gt;
&lt;/suite&gt; &lt;!-- TestSuite --&gt;
            </pre>
          </div> <!-- main-panel-content rounded-window-bottom -->
        </div> <!-- panel -->
        <div panel-name="testlist-TestSuite" class="panel">
          <div class="main-panel-header rounded-window-top">
            <span class="header-content">Tests for TestSuite</span>
          </div> <!-- main-panel-header rounded-window-top -->
          <div class="main-panel-content rounded-window-bottom">
            <ul>
              <li>
                <span class="test-name">DemoTestChrome (1 class)</span>
              </li>
              <li>
                <span class="test-name">DemoTestFirefox (1 class)</span>
              </li>
            </ul>
          </div> <!-- main-panel-content rounded-window-bottom -->
        </div> <!-- panel -->
        <div panel-name="group-TestSuite" class="panel">
          <div class="main-panel-header rounded-window-top">
            <span class="header-content">Groups for TestSuite</span>
          </div> <!-- main-panel-header rounded-window-top -->
          <div class="main-panel-content rounded-window-bottom">
          </div> <!-- main-panel-content rounded-window-bottom -->
        </div> <!-- panel -->
        <div panel-name="times-TestSuite" class="panel">
          <div class="main-panel-header rounded-window-top">
            <span class="header-content">Times for TestSuite</span>
          </div> <!-- main-panel-header rounded-window-top -->
          <div class="main-panel-content rounded-window-bottom">
            <div class="times-div">
              <script type="text/javascript">
suiteTableInitFunctions.push('tableData_TestSuite');
function tableData_TestSuite() {
var data = new google.visualization.DataTable();
data.addColumn('number', 'Number');
data.addColumn('string', 'Method');
data.addColumn('string', 'Class');
data.addColumn('number', 'Time (ms)');
data.addRows(2);
data.setCell(0, 0, 0)
data.setCell(0, 1, 'runTestInMultipleBrowser')
data.setCell(0, 2, 'selenium.selfstudy.com.MultiBrowserTesting')
data.setCell(0, 3, 35614);
data.setCell(1, 0, 1)
data.setCell(1, 1, 'runTestInMultipleBrowser')
data.setCell(1, 2, 'selenium.selfstudy.com.MultiBrowserTesting')
data.setCell(1, 3, 35501);
window.suiteTableData['TestSuite']= { tableData: data, tableDiv: 'times-div-TestSuite'}
return data;
}
              </script>
              <span class="suite-total-time">Total running time: 1 minutes</span>
              <div id="times-div-TestSuite">
              </div> <!-- times-div-TestSuite -->
            </div> <!-- times-div -->
          </div> <!-- main-panel-content rounded-window-bottom -->
        </div> <!-- panel -->
        <div panel-name="reporter-TestSuite" class="panel">
          <div class="main-panel-header rounded-window-top">
            <span class="header-content">Reporter output for TestSuite</span>
          </div> <!-- main-panel-header rounded-window-top -->
          <div class="main-panel-content rounded-window-bottom">
          </div> <!-- main-panel-content rounded-window-bottom -->
        </div> <!-- panel -->
        <div panel-name="ignored-methods-TestSuite" class="panel">
          <div class="main-panel-header rounded-window-top">
            <span class="header-content">0 ignored methods</span>
          </div> <!-- main-panel-header rounded-window-top -->
          <div class="main-panel-content rounded-window-bottom">
          </div> <!-- main-panel-content rounded-window-bottom -->
        </div> <!-- panel -->
        <div panel-name="chronological-TestSuite" class="panel">
          <div class="main-panel-header rounded-window-top">
            <span class="header-content">Methods in chronological order</span>
          </div> <!-- main-panel-header rounded-window-top -->
          <div class="main-panel-content rounded-window-bottom">
            <div class="chronological-class">
              <div class="chronological-class-name">selenium.selfstudy.com.MultiBrowserTesting</div> <!-- chronological-class-name -->
              <div class="test-method">
                <img src="failed.png">
                </img>
                <span class="method-name">runTestInMultipleBrowser(chrome)</span>
                <span class="method-start">0 ms</span>
              </div> <!-- test-method -->
              <div class="test-method">
                <img src="failed.png">
                </img>
                <span class="method-name">runTestInMultipleBrowser(firefox)</span>
                <span class="method-start">0 ms</span>
              </div> <!-- test-method -->
              <div class="configuration-test after">
                <span class="method-name">tearDown</span>
                <span class="method-start">35507 ms</span>
              </div> <!-- configuration-test after -->
              <div class="configuration-test after">
                <span class="method-name">tearDown</span>
                <span class="method-start">35617 ms</span>
              </div> <!-- configuration-test after -->
          </div> <!-- main-panel-content rounded-window-bottom -->
        </div> <!-- panel -->
      </div> <!-- main-panel-root -->
    </div> <!-- wrapper -->
  </body>
</html>
